<?xml version="1.0" encoding="UTF-8"?>
<!-- Generated by org.testng.reporters.JUnitReportReporter -->
<testsuite skipped="0" hostname="G8R856S2E" name="SecondScenarioTest" tests="1" failures="0" timestamp="09 Apr 2019 10:36:21 GMT" time="13.665" errors="0">
  <testcase name="verifyIfInstructorHaveTraining" time="13.665" classname="SecondScenarioTest"/>
</testsuite> <!-- SecondScenarioTest -->
